<?xml version="1.0" encoding="utf-8"?><testsuites name="pytest tests"><testsuite name="pytest" errors="0" failures="0" skipped="0" tests="48" time="1.173" timestamp="2025-07-01T05:16:48.730103+00:00" hostname="runner-j1aldqxs-project-71015407-concurrent-0"><testcase classname="tests.test_dates.GenericDateBase" name="test_bool" time="0.003" /><testcase classname="tests.test_dates.GenericDateBase" name="test_eq" time="0.002" /><testcase classname="tests.test_dates.GenericDateBase" name="test_ge" time="0.056" /><testcase classname="tests.test_dates.GenericDateBase" name="test_gt" time="0.046" /><testcase classname="tests.test_dates.GenericDateBase" name="test_hash" time="0.001" /><testcase classname="tests.test_dates.GenericDateBase" name="test_isoformat" time="0.002" /><testcase classname="tests.test_dates.GenericDateBase" name="test_le" time="0.056" /><testcase classname="tests.test_dates.GenericDateBase" name="test_lt" time="0.046" /><testcase classname="tests.test_dates.GenericDateBase" name="test_nan_not_allowed" time="0.001" /><testcase classname="tests.test_dates.GenericDateBase" name="test_ne" time="0.047" /><testcase classname="tests.test_dates.GenericDateBase" name="test_pretty" time="0.001" /><testcase classname="tests.test_dates.GenericDateBase" name="test_replace" time="0.001" /><testcase classname="tests.test_dates.GenericDateBase" name="test_repr" time="0.001" /><testcase classname="tests.test_dates.GenericDateBase" name="test_str" time="0.001" /><testcase classname="tests.test_dates.GenericDateBase" name="test_strftime" time="0.001" /><testcase classname="tests.test_dates.GenericDateBase" name="test_tonative" time="0.001" /><testcase classname="tests.test_dates.GenericDateBase" name="test_toordinal" time="0.001" /><testcase classname="tests.test_dates.GenericDateArithmetics" name="test_add_and_radd" time="0.007" /><testcase classname="tests.test_dates.GenericDateArithmetics" name="test_add_days" time="0.004" /><testcase classname="tests.test_dates.GenericDateArithmetics" name="test_rsub_stdlib_date" time="0.001" /><testcase classname="tests.test_dates.GenericDateArithmetics" name="test_sub_date" time="0.001" /><testcase classname="tests.test_dates.GenericDateArithmetics" name="test_sub_number" time="0.004" /><testcase classname="tests.test_dates.GenericDateArithmetics" name="test_sub_stdlib_date" time="0.001" /><testcase classname="tests.test_dates.InfinityDate" name="test_pretty" time="0.001" /><testcase classname="tests.test_dates.InfinityDate" name="test_replace" time="0.001" /><testcase classname="tests.test_dates.InfinityDate" name="test_repr" time="0.001" /><testcase classname="tests.test_dates.InfinityDate" name="test_strftime" time="0.001" /><testcase classname="tests.test_dates.InfinityDate" name="test_tonative" time="0.001" /><testcase classname="tests.test_dates.RealDate" name="test_attributes" time="0.002" /><testcase classname="tests.test_dates.RealDate" name="test_bool" time="0.001" /><testcase classname="tests.test_dates.RealDate" name="test_pretty" time="0.001" /><testcase classname="tests.test_dates.RealDate" name="test_proxied_methods" time="0.001" /><testcase classname="tests.test_dates.RealDate" name="test_random_date_within_limits" time="0.295" /><testcase classname="tests.test_dates.RealDate" name="test_replace" time="0.002" /><testcase classname="tests.test_dates.RealDate" name="test_repr" time="0.001" /><testcase classname="tests.test_dates.RealDate" name="test_strftime" time="0.003" /><testcase classname="tests.test_dates.RealDate" name="test_tonative" time="0.001" /><testcase classname="tests.test_factories.FactoryFunctions" name="test_deprecated_from_datetime_object" time="0.003" /><testcase classname="tests.test_factories.FactoryFunctions" name="test_deprecated_from_native_type" time="0.005" /><testcase classname="tests.test_factories.FactoryFunctions" name="test_fromisocalendar" time="0.002" /><testcase classname="tests.test_factories.FactoryFunctions" name="test_fromisoformat" time="0.002" /><testcase classname="tests.test_factories.FactoryFunctions" name="test_fromnative" time="0.004" /><testcase classname="tests.test_factories.FactoryFunctions" name="test_fromordinal" time="0.002" /><testcase classname="tests.test_factories.FactoryFunctions" name="test_fromtimestamp" time="0.003" /><testcase classname="tests.test_factories.FactoryFunctions" name="test_fromtimestamp_errors" time="0.001" /><testcase classname="tests.test_factories.FactoryFunctions" name="test_private__from_datetime_object" time="0.002" /><testcase classname="tests.test_factories.FactoryFunctions" name="test_today" time="0.002" /><testcase classname="tests.test_factories.FactoryFunctions" name="testdatetime" time="0.002" /></testsuite></testsuites>